<?xml version="1.0" encoding="UTF-8"?>
<testng-results skipped="0" failed="1" ignored="0" total="2" passed="1">
  <reporter-output>
    <line>
      <![CDATA[Login Done Successfully]]>
    </line>
  </reporter-output>
  <suite name="Default suite" duration-ms="104717" started-at="2019-12-08T10:04:49Z" finished-at="2019-12-08T10:06:34Z">
    <groups>
    </groups>
    <test name="Default test" duration-ms="104717" started-at="2019-12-08T10:04:49Z" finished-at="2019-12-08T10:06:34Z">
      <class name="com.rk.yt.TestCases.LoginPageTest">
        <test-method status="PASS" signature="setUpSuite()[pri:0, instance:com.rk.yt.TestCases.LoginPageTest@42e26948]" name="setUpSuite" is-config="true" duration-ms="518" started-at="2019-12-08T10:04:49Z" finished-at="2019-12-08T10:04:49Z">
          <reporter-output>
          </reporter-output>
        </test-method> <!-- setUpSuite -->
        <test-method status="PASS" signature="setUp()[pri:0, instance:com.rk.yt.TestCases.LoginPageTest@42e26948]" name="setUp" is-config="true" duration-ms="23745" started-at="2019-12-08T10:04:49Z" finished-at="2019-12-08T10:05:13Z">
          <reporter-output>
          </reporter-output>
        </test-method> <!-- setUp -->
        <test-method status="PASS" signature="verify(java.lang.String, java.lang.String)[pri:0, instance:com.rk.yt.TestCases.LoginPageTest@42e26948]" name="verify" duration-ms="17577" started-at="2019-12-08T10:05:25Z" data-provider="data" finished-at="2019-12-08T10:05:43Z">
          <params>
            <param index="0">
              <value>
                <![CDATA[thisisdemmo]]>
              </value>
            </param>
            <param index="1">
              <value>
                <![CDATA[demo@123]]>
              </value>
            </param>
          </params>
          <reporter-output>
            <line>
              <![CDATA[Login Done Successfully]]>
            </line>
          </reporter-output>
        </test-method> <!-- verify -->
        <test-method status="PASS" signature="failCaptureScreen(org.testng.ITestResult)[pri:0, instance:com.rk.yt.TestCases.LoginPageTest@42e26948]" name="failCaptureScreen" is-config="true" duration-ms="23668" started-at="2019-12-08T10:05:43Z" finished-at="2019-12-08T10:06:06Z">
          <params>
            <param index="0">
              <value>
                <![CDATA[[TestResult name=verify status=SUCCESS method=LoginPageTest.verify(java.lang.String, java.lang.String)[pri:0, instance:com.rk.yt.TestCases.LoginPageTest@42e26948] output=Login Done Successfully]]]>
              </value>
            </param>
          </params>
          <reporter-output>
          </reporter-output>
        </test-method> <!-- failCaptureScreen -->
        <test-method status="FAIL" signature="verify(java.lang.String, java.lang.String)[pri:0, instance:com.rk.yt.TestCases.LoginPageTest@42e26948]" name="verify" duration-ms="25124" started-at="2019-12-08T10:06:06Z" data-provider="data" finished-at="2019-12-08T10:06:32Z">
          <params>
            <param index="0">
              <value>
                <![CDATA[thisisdemmo]]>
              </value>
            </param>
            <param index="1">
              <value>
                <![CDATA[demo@1234]]>
              </value>
            </param>
          </params>
          <exception class="org.openqa.selenium.TimeoutException">
            <message>
              <![CDATA[Expected condition failed: waiting for element to be clickable: Proxy element for: DefaultElementLocator 'By.xpath: //div[@id='buttons']/ytd-button-renderer/a/paper-button' (tried for 20 second(s) with 500 milliseconds interval)]]>
            </message>
            <full-stacktrace>
              <![CDATA[org.openqa.selenium.TimeoutException: Expected condition failed: waiting for element to be clickable: Proxy element for: DefaultElementLocator 'By.xpath: //div[@id='buttons']/ytd-button-renderer/a/paper-button' (tried for 20 second(s) with 500 milliseconds interval)
at org.openqa.selenium.support.ui.WebDriverWait.timeoutException(WebDriverWait.java:95)
at org.openqa.selenium.support.ui.FluentWait.until(FluentWait.java:272)
at com.rk.yt.utilities.Helper.waitForElementClickable(Helper.java:47)
at com.rk.yt.pages.LoginPage.login(LoginPage.java:37)
at com.rk.yt.TestCases.LoginPageTest.verify(LoginPageTest.java:22)
at sun.reflect.NativeMethodAccessorImpl.invoke0(Native Method)
at sun.reflect.NativeMethodAccessorImpl.invoke(Unknown Source)
at sun.reflect.DelegatingMethodAccessorImpl.invoke(Unknown Source)
at java.lang.reflect.Method.invoke(Unknown Source)
at org.testng.internal.MethodInvocationHelper.invokeMethod(MethodInvocationHelper.java:124)
at org.testng.internal.Invoker.invokeMethod(Invoker.java:583)
at org.testng.internal.Invoker.invokeTestMethod(Invoker.java:719)
at org.testng.internal.Invoker.invokeTestMethods(Invoker.java:989)
at org.testng.internal.TestMethodWorker.invokeTestMethods(TestMethodWorker.java:125)
at org.testng.internal.TestMethodWorker.run(TestMethodWorker.java:109)
at org.testng.TestRunner.privateRun(TestRunner.java:648)
at org.testng.TestRunner.run(TestRunner.java:505)
at org.testng.SuiteRunner.runTest(SuiteRunner.java:455)
at org.testng.SuiteRunner.runSequentially(SuiteRunner.java:450)
at org.testng.SuiteRunner.privateRun(SuiteRunner.java:415)
at org.testng.SuiteRunner.run(SuiteRunner.java:364)
at org.testng.SuiteRunnerWorker.runSuite(SuiteRunnerWorker.java:52)
at org.testng.SuiteRunnerWorker.run(SuiteRunnerWorker.java:84)
at org.testng.TestNG.runSuitesSequentially(TestNG.java:1208)
at org.testng.TestNG.runSuitesLocally(TestNG.java:1137)
at org.testng.TestNG.runSuites(TestNG.java:1049)
at org.testng.TestNG.run(TestNG.java:1017)
at org.testng.remote.AbstractRemoteTestNG.run(AbstractRemoteTestNG.java:115)
at org.testng.remote.RemoteTestNG.initAndRun(RemoteTestNG.java:251)
at org.testng.remote.RemoteTestNG.main(RemoteTestNG.java:77)
Caused by: org.openqa.selenium.NoSuchElementException: no such element: Unable to locate element: {"method":"xpath","selector":"//div[@id='buttons']/ytd-button-renderer/a/paper-button"}
  (Session info: chrome=78.0.3904.108)
For documentation on this error, please visit: https://www.seleniumhq.org/exceptions/no_such_element.html
Build info: version: '3.141.59', revision: 'e82be7d358', time: '2018-11-14T08:17:03'
System info: host: 'DESKTOP-G94VKJC', ip: '192.168.1.4', os.name: 'Windows 10', os.arch: 'amd64', os.version: '10.0', java.version: '1.8.0_221'
Driver info: org.openqa.selenium.chrome.ChromeDriver
Capabilities {acceptInsecureCerts: false, browserName: chrome, browserVersion: 78.0.3904.108, chrome: {chromedriverVersion: 77.0.3865.40 (f484704e052e0..., userDataDir: C:\Users\Admin\AppData\Loca...}, goog:chromeOptions: {debuggerAddress: localhost:52112}, javascriptEnabled: true, networkConnectionEnabled: false, pageLoadStrategy: normal, platform: XP, platformName: XP, proxy: Proxy(), setWindowRect: true, strictFileInteractability: false, timeouts: {implicit: 0, pageLoad: 300000, script: 30000}, unhandledPromptBehavior: dismiss and notify}
Session ID: 817d3cffbc0b68d37644968fdb188fc2
*** Element info: {Using=xpath, value=//div[@id='buttons']/ytd-button-renderer/a/paper-button}
at sun.reflect.NativeConstructorAccessorImpl.newInstance0(Native Method)
at sun.reflect.NativeConstructorAccessorImpl.newInstance(Unknown Source)
at sun.reflect.DelegatingConstructorAccessorImpl.newInstance(Unknown Source)
at java.lang.reflect.Constructor.newInstance(Unknown Source)
at org.openqa.selenium.remote.http.W3CHttpResponseCodec.createException(W3CHttpResponseCodec.java:187)
at org.openqa.selenium.remote.http.W3CHttpResponseCodec.decode(W3CHttpResponseCodec.java:122)
at org.openqa.selenium.remote.http.W3CHttpResponseCodec.decode(W3CHttpResponseCodec.java:49)
at org.openqa.selenium.remote.HttpCommandExecutor.execute(HttpCommandExecutor.java:158)
at org.openqa.selenium.remote.service.DriverCommandExecutor.execute(DriverCommandExecutor.java:83)
at org.openqa.selenium.remote.RemoteWebDriver.execute(RemoteWebDriver.java:552)
at org.openqa.selenium.remote.RemoteWebDriver.findElement(RemoteWebDriver.java:323)
at org.openqa.selenium.remote.RemoteWebDriver.findElementByXPath(RemoteWebDriver.java:428)
at org.openqa.selenium.By$ByXPath.findElement(By.java:353)
at org.openqa.selenium.remote.RemoteWebDriver.findElement(RemoteWebDriver.java:315)
at org.openqa.selenium.support.pagefactory.DefaultElementLocator.findElement(DefaultElementLocator.java:69)
at org.openqa.selenium.support.pagefactory.internal.LocatingElementHandler.invoke(LocatingElementHandler.java:38)
at com.sun.proxy.$Proxy12.isDisplayed(Unknown Source)
at org.openqa.selenium.support.ui.ExpectedConditions.elementIfVisible(ExpectedConditions.java:314)
at org.openqa.selenium.support.ui.ExpectedConditions.access$000(ExpectedConditions.java:43)
at org.openqa.selenium.support.ui.ExpectedConditions$10.apply(ExpectedConditions.java:300)
at org.openqa.selenium.support.ui.ExpectedConditions$10.apply(ExpectedConditions.java:297)
at org.openqa.selenium.support.ui.ExpectedConditions$23.apply(ExpectedConditions.java:670)
at org.openqa.selenium.support.ui.ExpectedConditions$23.apply(ExpectedConditions.java:666)
at org.openqa.selenium.support.ui.FluentWait.until(FluentWait.java:249)
... 28 more
]]>
            </full-stacktrace>
          </exception> <!-- org.openqa.selenium.TimeoutException -->
          <reporter-output>
          </reporter-output>
        </test-method> <!-- verify -->
        <test-method status="PASS" signature="failCaptureScreen(org.testng.ITestResult)[pri:0, instance:com.rk.yt.TestCases.LoginPageTest@42e26948]" name="failCaptureScreen" is-config="true" duration-ms="805" started-at="2019-12-08T10:06:32Z" finished-at="2019-12-08T10:06:33Z">
          <params>
            <param index="0">
              <value>
                <![CDATA[[TestResult name=verify status=FAILURE method=LoginPageTest.verify(java.lang.String, java.lang.String)[pri:0, instance:com.rk.yt.TestCases.LoginPageTest@42e26948] output={null}]]]>
              </value>
            </param>
          </params>
          <reporter-output>
          </reporter-output>
        </test-method> <!-- failCaptureScreen -->
        <test-method status="PASS" signature="tearDown()[pri:0, instance:com.rk.yt.TestCases.LoginPageTest@42e26948]" name="tearDown" is-config="true" duration-ms="1185" started-at="2019-12-08T10:06:33Z" finished-at="2019-12-08T10:06:34Z">
          <reporter-output>
          </reporter-output>
        </test-method> <!-- tearDown -->
      </class> <!-- com.rk.yt.TestCases.LoginPageTest -->
    </test> <!-- Default test -->
  </suite> <!-- Default suite -->
</testng-results>
